<?xml version="1.0" encoding="UTF-8"?>
<!-- Generated by org.testng.reporters.JUnitReportReporter -->
<testsuite hostname="DESKTOP-1KMDQFU" failures="0" tests="2" name="com.testcases.RegisterTest" time="10.993" errors="0" timestamp="2024-01-04T12:15:53 IST" skipped="0">
  <testcase classname="com.testcases.RegisterTest" name="Verify_Registrationfunctionality" time="4.429"/>
  <testcase classname="com.testcases.RegisterTest" name="Verify_Login" time="6.564"/>
</testsuite> <!-- com.testcases.RegisterTest -->
